2025-12-27T15:16:17.152Z INFO Is remote: false
2025-12-27T15:16:17.157Z INFO Starting Local. Installation path: c:\Users\kunal\Desktop\Pythogora Setup
2025-12-27T15:16:17.159Z INFO [MainProvider] Creating new MainProvider instance...
2025-12-27T15:16:17.161Z INFO [TabsManager] Code view listener set up at initialization
2025-12-27T15:16:17.164Z INFO Installation path exists: c:\Users\kunal\Desktop\Pythogora Setup
2025-12-27T15:16:17.166Z INFO Initializing database with URL: file:c:\Users\kunal\Desktop\Pythogora Setup\pythagora-core\data\database\pythagora.db
2025-12-27T15:16:17.174Z INFO Database file exists, skipping prisma generate/push for faster startup
2025-12-27T15:16:17.176Z INFO Database initialized successfully
2025-12-27T15:16:17.178Z INFO [Migration] Checking for database migration...
2025-12-27T15:16:17.309Z INFO [Migration] No migration needed
2025-12-27T15:16:53.272Z INFO [TabsManager] First file opened, triggering split view
2025-12-27T15:16:53.273Z INFO [MainProvider] First file opened, creating split view
2025-12-27T15:17:31.109Z INFO [TabsManager] First file opened, triggering split view
2025-12-27T15:17:31.109Z INFO [MainProvider] First file opened, creating split view
2025-12-27T15:20:57.079Z INFO [TabsManager] First file opened, triggering split view
2025-12-27T15:20:57.080Z INFO [MainProvider] First file opened, creating split view
2025-12-27T15:25:29.106Z INFO [TabsManager] First file opened, triggering split view
2025-12-27T15:25:29.107Z INFO [MainProvider] First file opened, creating split view
2025-12-27T15:27:28.115Z INFO [TabsManager] First file opened, triggering split view
2025-12-27T15:27:28.116Z INFO [MainProvider] First file opened, creating split view
2025-12-27T15:27:58.629Z INFO [TabsManager] First file opened, triggering split view
2025-12-27T15:27:58.630Z INFO [MainProvider] First file opened, creating split view
2025-12-27T15:28:13.316Z INFO [TabsManager] First file opened, triggering split view
2025-12-27T15:28:13.318Z INFO [MainProvider] First file opened, creating split view
2025-12-27T15:28:50.035Z INFO [TabsManager] First file opened, triggering split view
2025-12-27T15:28:50.035Z INFO [MainProvider] First file opened, creating split view
2025-12-27T15:29:33.262Z INFO [TabsManager] First file opened, triggering split view
2025-12-27T15:29:33.264Z INFO [MainProvider] First file opened, creating split view
2025-12-27T15:29:40.480Z INFO [TabsManager] First file opened, triggering split view
2025-12-27T15:29:40.481Z INFO [MainProvider] First file opened, creating split view
2025-12-27T15:35:06.245Z INFO [TabsManager] First file opened, triggering split view
2025-12-27T15:35:06.246Z INFO [MainProvider] First file opened, creating split view
2025-12-27T15:36:12.042Z INFO [TabsManager] First file opened, triggering split view
2025-12-27T15:36:12.043Z INFO [MainProvider] First file opened, creating split view
2025-12-27T15:39:02.270Z INFO Closing entire Pythagora extension...
2025-12-27T15:39:02.280Z ERROR Error closing extension
Error: Canceled
Stack: Canceled: Canceled
	at new wU (file:///c:/Users/kunal/AppData/Local/Programs/Microsoft%20VS%20Code/resources/app/out/vs/workbench/api/node/extensionHostProcess.js:29:120470)
	at l5.U (file:///c:/Users/kunal/AppData/Local/Programs/Microsoft%20VS%20Code/resources/app/out/vs/workbench/api/node/extensionHostProcess.js:29:125080)
	at s.<computed>.n.charCodeAt.s.<computed> (file:///c:/Users/kunal/AppData/Local/Programs/Microsoft%20VS%20Code/resources/app/out/vs/workbench/api/node/extensionHostProcess.js:29:122574)
	at cA.g (file:///c:/Users/kunal/AppData/Local/Programs/Microsoft%20VS%20Code/resources/app/out/vs/workbench/api/node/extensionHostProcess.js:116:41228)
	at cA.executeCommand (file:///c:/Users/kunal/AppData/Local/Programs/Microsoft%20VS%20Code/resources/app/out/vs/workbench/api/node/extensionHostProcess.js:116:40732)
	at Object.executeCommand (file:///c:/Users/kunal/AppData/Local/Programs/Microsoft%20VS%20Code/resources/app/out/vs/workbench/api/node/extensionHostProcess.js:212:102269)
	at closeEntirePythagoraExtension (c:\Users\kunal\.vscode\extensions\pythagoratechnologies.pythagora-vs-code-2.6.19\out\extension.js:542:31)
	at Object.deactivate (c:\Users\kunal\.vscode\extensions\pythagoratechnologies.pythagora-vs-code-2.6.19\out\extension.js:409:15)
	at HX.eb (file:///c:/Users/kunal/AppData/Local/Programs/Microsoft%20VS%20Code/resources/app/out/vs/workbench/api/node/extensionHostProcess.js:120:11850)
	at file:///c:/Users/kunal/AppData/Local/Programs/Microsoft%20VS%20Code/resources/app/out/vs/workbench/api/node/extensionHostProcess.js:120:10000
	at Array.map (<anonymous>)
	at HX.$ (file:///c:/Users/kunal/AppData/Local/Programs/Microsoft%20VS%20Code/resources/app/out/vs/workbench/api/node/extensionHostProcess.js:120:9988)
	at HX.terminate (file:///c:/Users/kunal/AppData/Local/Programs/Microsoft%20VS%20Code/resources/app/out/vs/workbench/api/node/extensionHostProcess.js:120:10231)
	at yN.terminate (file:///c:/Users/kunal/AppData/Local/Programs/Microsoft%20VS%20Code/resources/app/out/vs/workbench/api/node/extensionHostProcess.js:122:914)
	at Us (file:///c:/Users/kunal/AppData/Local/Programs/Microsoft%20VS%20Code/resources/app/out/vs/workbench/api/node/extensionHostProcess.js:404:11129)
	at MessagePortMain.<anonymous> (file:///c:/Users/kunal/AppData/Local/Programs/Microsoft%20VS%20Code/resources/app/out/vs/workbench/api/node/extensionHostProcess.js:404:7604)
	at MessagePortMain.emit (node:events:519:28)
	at MessagePortMain._internalPort.emit (node:electron/js2c/utility_init:2:2949)
	at Object.callbackTrampoline (node:internal/async_hooks:130:17)
Extra context: {
  "message": "Canceled"
}
2025-12-27T15:39:31.551Z INFO Is remote: false
2025-12-27T15:39:31.553Z INFO Starting Local. Installation path: c:\Users\kunal\Desktop\Pythogora Setup
2025-12-27T15:39:31.556Z INFO [MainProvider] Creating new MainProvider instance...
2025-12-27T15:39:31.560Z INFO [TabsManager] Code view listener set up at initialization
2025-12-27T15:39:31.562Z INFO Installation path exists: c:\Users\kunal\Desktop\Pythogora Setup
2025-12-27T15:39:31.564Z INFO Initializing database with URL: file:c:\Users\kunal\Desktop\Pythogora Setup\pythagora-core\data\database\pythagora.db
2025-12-27T15:39:31.574Z INFO Database file exists, skipping prisma generate/push for faster startup
2025-12-27T15:39:31.575Z INFO Database initialized successfully
2025-12-27T15:39:31.578Z INFO [Migration] Checking for database migration...
2025-12-27T15:39:31.943Z INFO [Migration] No migration needed
2025-12-27T16:25:12.523Z INFO Closing entire Pythagora extension...
2025-12-27T16:25:12.540Z ERROR Error closing extension
Error: Canceled
Stack: Canceled: Canceled
	at new wU (file:///c:/Users/kunal/AppData/Local/Programs/Microsoft%20VS%20Code/resources/app/out/vs/workbench/api/node/extensionHostProcess.js:29:120470)
	at l5.U (file:///c:/Users/kunal/AppData/Local/Programs/Microsoft%20VS%20Code/resources/app/out/vs/workbench/api/node/extensionHostProcess.js:29:125080)
	at s.<computed>.n.charCodeAt.s.<computed> (file:///c:/Users/kunal/AppData/Local/Programs/Microsoft%20VS%20Code/resources/app/out/vs/workbench/api/node/extensionHostProcess.js:29:122574)
	at cA.g (file:///c:/Users/kunal/AppData/Local/Programs/Microsoft%20VS%20Code/resources/app/out/vs/workbench/api/node/extensionHostProcess.js:116:41228)
	at cA.executeCommand (file:///c:/Users/kunal/AppData/Local/Programs/Microsoft%20VS%20Code/resources/app/out/vs/workbench/api/node/extensionHostProcess.js:116:40732)
	at Object.executeCommand (file:///c:/Users/kunal/AppData/Local/Programs/Microsoft%20VS%20Code/resources/app/out/vs/workbench/api/node/extensionHostProcess.js:212:102269)
	at closeEntirePythagoraExtension (c:\Users\kunal\.vscode\extensions\pythagoratechnologies.pythagora-vs-code-2.6.19\out\extension.js:542:31)
	at Object.deactivate (c:\Users\kunal\.vscode\extensions\pythagoratechnologies.pythagora-vs-code-2.6.19\out\extension.js:409:15)
	at HX.eb (file:///c:/Users/kunal/AppData/Local/Programs/Microsoft%20VS%20Code/resources/app/out/vs/workbench/api/node/extensionHostProcess.js:120:11850)
	at file:///c:/Users/kunal/AppData/Local/Programs/Microsoft%20VS%20Code/resources/app/out/vs/workbench/api/node/extensionHostProcess.js:120:10000
	at Array.map (<anonymous>)
	at HX.$ (file:///c:/Users/kunal/AppData/Local/Programs/Microsoft%20VS%20Code/resources/app/out/vs/workbench/api/node/extensionHostProcess.js:120:9988)
	at HX.terminate (file:///c:/Users/kunal/AppData/Local/Programs/Microsoft%20VS%20Code/resources/app/out/vs/workbench/api/node/extensionHostProcess.js:120:10231)
	at yN.terminate (file:///c:/Users/kunal/AppData/Local/Programs/Microsoft%20VS%20Code/resources/app/out/vs/workbench/api/node/extensionHostProcess.js:122:914)
	at Us (file:///c:/Users/kunal/AppData/Local/Programs/Microsoft%20VS%20Code/resources/app/out/vs/workbench/api/node/extensionHostProcess.js:404:11129)
	at MessagePortMain.<anonymous> (file:///c:/Users/kunal/AppData/Local/Programs/Microsoft%20VS%20Code/resources/app/out/vs/workbench/api/node/extensionHostProcess.js:404:7604)
	at MessagePortMain.emit (node:events:519:28)
	at MessagePortMain._internalPort.emit (node:electron/js2c/utility_init:2:2949)
	at Object.callbackTrampoline (node:internal/async_hooks:130:17)
Extra context: {
  "message": "Canceled"
}
2025-12-27T16:27:59.027Z INFO Is remote: false
2025-12-27T16:27:59.028Z INFO Starting Local. Installation path: c:\Users\kunal\Desktop\Pythogora Setup
2025-12-27T16:27:59.030Z INFO [MainProvider] Creating new MainProvider instance...
2025-12-27T16:27:59.032Z INFO [TabsManager] Code view listener set up at initialization
2025-12-27T16:27:59.034Z INFO Installation path exists: c:\Users\kunal\Desktop\Pythogora Setup
2025-12-27T16:27:59.035Z INFO Initializing database with URL: file:c:\Users\kunal\Desktop\Pythogora Setup\pythagora-core\data\database\pythagora.db
2025-12-27T16:27:59.042Z INFO Database file exists, skipping prisma generate/push for faster startup
2025-12-27T16:27:59.043Z INFO Database initialized successfully
2025-12-27T16:27:59.045Z INFO [Migration] Checking for database migration...
2025-12-27T16:27:59.287Z INFO [Migration] No migration needed
2025-12-27T16:56:03.382Z INFO Closing entire Pythagora extension...
2025-12-27T16:56:03.395Z ERROR Error closing extension
Error: Canceled
Stack: Canceled: Canceled
	at new wU (file:///c:/Users/kunal/AppData/Local/Programs/Microsoft%20VS%20Code/resources/app/out/vs/workbench/api/node/extensionHostProcess.js:29:120470)
	at l5.U (file:///c:/Users/kunal/AppData/Local/Programs/Microsoft%20VS%20Code/resources/app/out/vs/workbench/api/node/extensionHostProcess.js:29:125080)
	at s.<computed>.n.charCodeAt.s.<computed> (file:///c:/Users/kunal/AppData/Local/Programs/Microsoft%20VS%20Code/resources/app/out/vs/workbench/api/node/extensionHostProcess.js:29:122574)
	at cA.g (file:///c:/Users/kunal/AppData/Local/Programs/Microsoft%20VS%20Code/resources/app/out/vs/workbench/api/node/extensionHostProcess.js:116:41228)
	at cA.executeCommand (file:///c:/Users/kunal/AppData/Local/Programs/Microsoft%20VS%20Code/resources/app/out/vs/workbench/api/node/extensionHostProcess.js:116:40732)
	at Object.executeCommand (file:///c:/Users/kunal/AppData/Local/Programs/Microsoft%20VS%20Code/resources/app/out/vs/workbench/api/node/extensionHostProcess.js:212:102269)
	at closeEntirePythagoraExtension (c:\Users\kunal\.vscode\extensions\pythagoratechnologies.pythagora-vs-code-2.6.19\out\extension.js:542:31)
	at Object.deactivate (c:\Users\kunal\.vscode\extensions\pythagoratechnologies.pythagora-vs-code-2.6.19\out\extension.js:409:15)
	at HX.eb (file:///c:/Users/kunal/AppData/Local/Programs/Microsoft%20VS%20Code/resources/app/out/vs/workbench/api/node/extensionHostProcess.js:120:11850)
	at file:///c:/Users/kunal/AppData/Local/Programs/Microsoft%20VS%20Code/resources/app/out/vs/workbench/api/node/extensionHostProcess.js:120:10000
	at Array.map (<anonymous>)
	at HX.$ (file:///c:/Users/kunal/AppData/Local/Programs/Microsoft%20VS%20Code/resources/app/out/vs/workbench/api/node/extensionHostProcess.js:120:9988)
	at HX.terminate (file:///c:/Users/kunal/AppData/Local/Programs/Microsoft%20VS%20Code/resources/app/out/vs/workbench/api/node/extensionHostProcess.js:120:10231)
	at yN.terminate (file:///c:/Users/kunal/AppData/Local/Programs/Microsoft%20VS%20Code/resources/app/out/vs/workbench/api/node/extensionHostProcess.js:122:914)
	at Us (file:///c:/Users/kunal/AppData/Local/Programs/Microsoft%20VS%20Code/resources/app/out/vs/workbench/api/node/extensionHostProcess.js:404:11129)
	at MessagePortMain.<anonymous> (file:///c:/Users/kunal/AppData/Local/Programs/Microsoft%20VS%20Code/resources/app/out/vs/workbench/api/node/extensionHostProcess.js:404:7604)
	at MessagePortMain.emit (node:events:519:28)
	at MessagePortMain._internalPort.emit (node:electron/js2c/utility_init:2:2949)
Extra context: {
  "message": "Canceled"
}
2025-12-27T16:56:27.561Z INFO Is remote: false
2025-12-27T16:56:27.563Z INFO Starting Local. Installation path: c:\Users\kunal\Desktop\Pythogora Setup
2025-12-27T16:56:27.567Z INFO [MainProvider] Creating new MainProvider instance...
2025-12-27T16:56:27.571Z INFO [TabsManager] Code view listener set up at initialization
2025-12-27T16:56:27.573Z INFO Installation path exists: c:\Users\kunal\Desktop\Pythogora Setup
2025-12-27T16:56:27.574Z INFO Initializing database with URL: file:c:\Users\kunal\Desktop\Pythogora Setup\pythagora-core\data\database\pythagora.db
2025-12-27T16:56:27.583Z INFO Database file exists, skipping prisma generate/push for faster startup
2025-12-27T16:56:27.585Z INFO Database initialized successfully
2025-12-27T16:56:27.587Z INFO [Migration] Checking for database migration...
2025-12-27T16:56:27.710Z INFO [Migration] No migration needed
2025-12-27T16:56:44.364Z INFO Closing entire Pythagora extension...
2025-12-27T16:56:44.369Z ERROR Error closing extension
Error: Canceled
Stack: Canceled: Canceled
	at new wU (file:///c:/Users/kunal/AppData/Local/Programs/Microsoft%20VS%20Code/resources/app/out/vs/workbench/api/node/extensionHostProcess.js:29:120470)
	at l5.U (file:///c:/Users/kunal/AppData/Local/Programs/Microsoft%20VS%20Code/resources/app/out/vs/workbench/api/node/extensionHostProcess.js:29:125080)
	at s.<computed>.n.charCodeAt.s.<computed> (file:///c:/Users/kunal/AppData/Local/Programs/Microsoft%20VS%20Code/resources/app/out/vs/workbench/api/node/extensionHostProcess.js:29:122574)
	at cA.g (file:///c:/Users/kunal/AppData/Local/Programs/Microsoft%20VS%20Code/resources/app/out/vs/workbench/api/node/extensionHostProcess.js:116:41228)
	at cA.executeCommand (file:///c:/Users/kunal/AppData/Local/Programs/Microsoft%20VS%20Code/resources/app/out/vs/workbench/api/node/extensionHostProcess.js:116:40732)
	at Object.executeCommand (file:///c:/Users/kunal/AppData/Local/Programs/Microsoft%20VS%20Code/resources/app/out/vs/workbench/api/node/extensionHostProcess.js:212:102269)
	at closeEntirePythagoraExtension (c:\Users\kunal\.vscode\extensions\pythagoratechnologies.pythagora-vs-code-2.6.19\out\extension.js:542:31)
	at Object.deactivate (c:\Users\kunal\.vscode\extensions\pythagoratechnologies.pythagora-vs-code-2.6.19\out\extension.js:409:15)
	at HX.eb (file:///c:/Users/kunal/AppData/Local/Programs/Microsoft%20VS%20Code/resources/app/out/vs/workbench/api/node/extensionHostProcess.js:120:11850)
	at file:///c:/Users/kunal/AppData/Local/Programs/Microsoft%20VS%20Code/resources/app/out/vs/workbench/api/node/extensionHostProcess.js:120:10000
	at Array.map (<anonymous>)
	at HX.$ (file:///c:/Users/kunal/AppData/Local/Programs/Microsoft%20VS%20Code/resources/app/out/vs/workbench/api/node/extensionHostProcess.js:120:9988)
	at HX.terminate (file:///c:/Users/kunal/AppData/Local/Programs/Microsoft%20VS%20Code/resources/app/out/vs/workbench/api/node/extensionHostProcess.js:120:10231)
	at yN.terminate (file:///c:/Users/kunal/AppData/Local/Programs/Microsoft%20VS%20Code/resources/app/out/vs/workbench/api/node/extensionHostProcess.js:122:914)
	at Us (file:///c:/Users/kunal/AppData/Local/Programs/Microsoft%20VS%20Code/resources/app/out/vs/workbench/api/node/extensionHostProcess.js:404:11129)
	at MessagePortMain.<anonymous> (file:///c:/Users/kunal/AppData/Local/Programs/Microsoft%20VS%20Code/resources/app/out/vs/workbench/api/node/extensionHostProcess.js:404:7604)
	at MessagePortMain.emit (node:events:519:28)
	at MessagePortMain._internalPort.emit (node:electron/js2c/utility_init:2:2949)
Extra context: {
  "message": "Canceled"
}
2025-12-27T16:57:18.112Z INFO Is remote: false
2025-12-27T16:57:18.114Z INFO Starting Local. Installation path: c:\Users\kunal\Desktop\Pythogora Setup
2025-12-27T16:57:18.115Z INFO [MainProvider] Creating new MainProvider instance...
2025-12-27T16:57:18.117Z INFO [TabsManager] Code view listener set up at initialization
2025-12-27T16:57:18.119Z INFO Installation path exists: c:\Users\kunal\Desktop\Pythogora Setup
2025-12-27T16:57:18.121Z INFO Initializing database with URL: file:c:\Users\kunal\Desktop\Pythogora Setup\pythagora-core\data\database\pythagora.db
2025-12-27T16:57:18.127Z INFO Database file exists, skipping prisma generate/push for faster startup
2025-12-27T16:57:18.128Z INFO Database initialized successfully
2025-12-27T16:57:18.131Z INFO [Migration] Checking for database migration...
2025-12-27T16:57:18.263Z INFO [Migration] No migration needed
2025-12-27T17:08:11.744Z INFO Closing entire Pythagora extension...
2025-12-27T17:08:11.753Z ERROR Error closing extension
Error: Canceled
Stack: Canceled: Canceled
	at new wU (file:///c:/Users/kunal/AppData/Local/Programs/Microsoft%20VS%20Code/resources/app/out/vs/workbench/api/node/extensionHostProcess.js:29:120470)
	at l5.U (file:///c:/Users/kunal/AppData/Local/Programs/Microsoft%20VS%20Code/resources/app/out/vs/workbench/api/node/extensionHostProcess.js:29:125080)
	at s.<computed>.n.charCodeAt.s.<computed> (file:///c:/Users/kunal/AppData/Local/Programs/Microsoft%20VS%20Code/resources/app/out/vs/workbench/api/node/extensionHostProcess.js:29:122574)
	at cA.g (file:///c:/Users/kunal/AppData/Local/Programs/Microsoft%20VS%20Code/resources/app/out/vs/workbench/api/node/extensionHostProcess.js:116:41228)
	at cA.executeCommand (file:///c:/Users/kunal/AppData/Local/Programs/Microsoft%20VS%20Code/resources/app/out/vs/workbench/api/node/extensionHostProcess.js:116:40732)
	at Object.executeCommand (file:///c:/Users/kunal/AppData/Local/Programs/Microsoft%20VS%20Code/resources/app/out/vs/workbench/api/node/extensionHostProcess.js:212:102269)
	at closeEntirePythagoraExtension (c:\Users\kunal\.vscode\extensions\pythagoratechnologies.pythagora-vs-code-2.6.19\out\extension.js:542:31)
	at Object.deactivate (c:\Users\kunal\.vscode\extensions\pythagoratechnologies.pythagora-vs-code-2.6.19\out\extension.js:409:15)
	at HX.eb (file:///c:/Users/kunal/AppData/Local/Programs/Microsoft%20VS%20Code/resources/app/out/vs/workbench/api/node/extensionHostProcess.js:120:11850)
	at file:///c:/Users/kunal/AppData/Local/Programs/Microsoft%20VS%20Code/resources/app/out/vs/workbench/api/node/extensionHostProcess.js:120:10000
	at Array.map (<anonymous>)
	at HX.$ (file:///c:/Users/kunal/AppData/Local/Programs/Microsoft%20VS%20Code/resources/app/out/vs/workbench/api/node/extensionHostProcess.js:120:9988)
	at HX.terminate (file:///c:/Users/kunal/AppData/Local/Programs/Microsoft%20VS%20Code/resources/app/out/vs/workbench/api/node/extensionHostProcess.js:120:10231)
	at yN.terminate (file:///c:/Users/kunal/AppData/Local/Programs/Microsoft%20VS%20Code/resources/app/out/vs/workbench/api/node/extensionHostProcess.js:122:914)
	at Us (file:///c:/Users/kunal/AppData/Local/Programs/Microsoft%20VS%20Code/resources/app/out/vs/workbench/api/node/extensionHostProcess.js:404:11129)
	at MessagePortMain.<anonymous> (file:///c:/Users/kunal/AppData/Local/Programs/Microsoft%20VS%20Code/resources/app/out/vs/workbench/api/node/extensionHostProcess.js:404:7604)
	at MessagePortMain.emit (node:events:519:28)
	at MessagePortMain._internalPort.emit (node:electron/js2c/utility_init:2:2949)
Extra context: {
  "message": "Canceled"
}
